
> letapp@0.0.0 build
> node --max-old-space-size=4096 ./node_modules/vue-tsc/bin/vue-tsc -b && node --max-old-space-size=4096 ./node_modules/vite/bin/vite.js build

[36mvite v7.2.2 [32mbuilding client environment for production...[36m[39m
transforming...
[32m鉁?[39m 5299 modules transformed.
node.exe : [33mGenerated an empty chunk: "vendor-echarts".[39m
所在位置 行:1 字符: 1
+ & "D:\app/node.exe" "D:\app/node_modules/npm/bin/npm-cli.js" run buil ...
+ ~~~~~~~~~~~~~~~~~~~~~~~~~~~~~~~~~~~~~~~~~~~~~~~~~~~~~~~~~~~~~~~~~~~~~
    + CategoryInfo          : NotSpecified: ([33mGenerated ...-echarts".[39m:String) [], RemoteException
    + FullyQualifiedErrorId : NativeCommandError
 
rendering chunks...
[2mdist/[22m[32mindex.html                                       [39m[1m[2m    1.30 kB[22m[1m[22m
[2mdist/[22m[32massets/codicon-ngg6Pgfi.ttf                      [39m[1m[2m  121.97 kB[22m[1m[22m
[2mdist/[22m[32massets/editor.worker-BxkS_xZQ.js                 [39m[1m[2m  251.81 kB[22m[1m[22m
[2mdist/[22m[32massets/json.worker-CTPo88F_.js                   [39m[1m[2m  383.37 kB[22m[1m[22m
[2mdist/[22m[32massets/html.worker-CTR7tRei.js                   [39m[1m[2m  693.46 kB[22m[1m[22m
[2mdist/[22m[32massets/css.worker-CgwaIV8M.js                    [39m[1m[2m1,030.66 kB[22m[1m[22m
[2mdist/[22m[32massets/ts.worker-BruO85F6.js                     [39m[1m[2m7,010.69 kB[22m[1m[22m
[2mdist/[22m[35massets/MonacoEditor-jNFn5sBO.css                 [39m[1m[2m    0.09 kB[22m[1m[22m
[2mdist/[22m[35massets/AdminLayout-C1ZKgPuo.css                  [39m[1m[2m    1.11 kB[22m[1m[22m
[2mdist/[22m[35massets/Login-DKOvbeU5.css                        [39m[1m[2m    1.34 kB[22m[1m[22m
[2mdist/[22m[35massets/Dashboard-BXQvMu0t.css                    [39m[1m[2m    2.90 kB[22m[1m[22m
[2mdist/[22m[35massets/MainLayout-B7GfUqWt.css                   [39m[1m[2m    4.69 kB[22m[1m[22m
[2mdist/[22m[35massets/ProblemDetail-0RrmMPNe.css                [39m[1m[2m    6.00 kB[22m[1m[22m
[2mdist/[22m[35massets/Learn-CoCjPmOR.css                        [39m[1m[2m    6.89 kB[22m[1m[22m
[2mdist/[22m[35massets/Announcements-CyiPm2SZ.css                [39m[1m[2m    7.93 kB[22m[1m[22m
[2mdist/[22m[35massets/Users-B3-PxQbJ.css                        [39m[1m[2m    8.53 kB[22m[1m[22m
[2mdist/[22m[35massets/MarkdownComponent-UUfociu3.css            [39m[1m[2m    9.18 kB[22m[1m[22m
[2mdist/[22m[35massets/Home-4baugXLF.css                         [39m[1m[2m    9.47 kB[22m[1m[22m
[2mdist/[22m[35massets/Playground-CJMCzd0e.css                   [39m[1m[2m   26.49 kB[22m[1m[22m
[2mdist/[22m[35massets/index-VcCoPaK8.css                        [39m[1m[2m   83.02 kB[22m[1m[22m
[2mdist/[22m[35massets/vendor-monaco-Ck3IbhyB.css                [39m[1m[2m  142.37 kB[22m[1m[22m
[2mdist/[22m[36massets/vendor-echarts-l0sNRNKZ.js                [39m[1m[2m    0.00 kB[22m[1m[22m
[2mdist/[22m[36massets/logo-CH1YGlH8.js                          [39m[1m[2m    0.04 kB[22m[1m[22m
[2mdist/[22m[36massets/_plugin-vue_export-helper-DlAUqK2U.js     [39m[1m[2m    0.09 kB[22m[1m[22m
[2mdist/[22m[36massets/channel-CsMqf08U.js                       [39m[1m[2m    0.12 kB[22m[1m[22m
[2mdist/[22m[36massets/init-Gi6I4Gst.js                          [39m[1m[2m    0.15 kB[22m[1m[22m
[2mdist/[22m[36massets/chunk-QZHKN3VN-C2Fhq9nC.js                [39m[1m[2m    0.20 kB[22m[1m[22m
[2mdist/[22m[36massets/chunk-4BX2VUAB-BaV6xi6Y.js                [39m[1m[2m    0.23 kB[22m[1m[22m
[2mdist/[22m[36massets/chunk-55IACEB6-B0UZbdkq.js                [39m[1m[2m    0.24 kB[22m[1m[22m
[2mdist/[22m[36massets/chunk-FMBD7UC4-B8YGeT0z.js                [39m[1m[2m    0.37 kB[22m[1m[22m
[2mdist/[22m[36massets/useProblemStats-YCRlUvLe.js               [39m[1m[2m    0.47 kB[22m[1m[22m
[2mdist/[22m[36massets/chunk-QN33PNHL-BgcRhuiJ.js                [39m[1m[2m    0.51 kB[22m[1m[22m
[2mdist/[22m[36massets/stateDiagram-v2-4FDKWEC3-wiwM3wWy.js      [39m[1m[2m    0.63 kB[22m[1m[22m
[2mdist/[22m[36massets/classDiagram-2ON5EDUG-DXsqGJIn.js         [39m[1m[2m    0.67 kB[22m[1m[22m
[2mdist/[22m[36massets/classDiagram-v2-WZHVMYZB-DXsqGJIn.js      [39m[1m[2m    0.67 kB[22m[1m[22m
[2mdist/[22m[36massets/azcli-Y6nb8tq_.js                         [39m[1m[2m    0.71 kB[22m[1m[22m
[2mdist/[22m[36massets/javascript-5gze3Bce.js                    [39m[1m[2m    0.81 kB[22m[1m[22m
[2mdist/[22m[36massets/infoDiagram-ER5ION4S-DXyUDsGX.js          [39m[1m[2m    0.83 kB[22m[1m[22m
[2mdist/[22m[36massets/ini-Kd9XrMLS.js                           [39m[1m[2m    0.96 kB[22m[1m[22m
[2mdist/[22m[36massets/ordinal-Cboi1Yqb.js                       [39m[1m[2m    1.19 kB[22m[1m[22m
[2mdist/[22m[36massets/csp-D-4FJmMZ.js                           [39m[1m[2m    1.28 kB[22m[1m[22m
[2mdist/[22m[36massets/chunk-TZMSLE5B-DrWGcQSK.js                [39m[1m[2m    1.44 kB[22m[1m[22m
[2mdist/[22m[36massets/pla-DSh2-awV.js                           [39m[1m[2m    1.55 kB[22m[1m[22m
[2mdist/[22m[36massets/scheme-BPhDTwHR.js                        [39m[1m[2m    1.63 kB[22m[1m[22m
[2mdist/[22m[36massets/flow9-BeJ5waoc.js                         [39m[1m[2m    1.67 kB[22m[1m[22m
[2mdist/[22m[36massets/sb-BBc9UKZt.js                            [39m[1m[2m    1.69 kB[22m[1m[22m
[2mdist/[22m[36massets/bat-BwHxbl9M.js                           [39m[1m[2m    1.71 kB[22m[1m[22m
[2mdist/[22m[36massets/dockerfile-BG73LgW2.js                    [39m[1m[2m    1.73 kB[22m[1m[22m
[2mdist/[22m[36massets/pascaligo-DtZ0uQbO.js                     [39m[1m[2m    1.86 kB[22m[1m[22m
[2mdist/[22m[36massets/xml-CsWRXTDO.js                           [39m[1m[2m    1.94 kB[22m[1m[22m
[2mdist/[22m[36massets/lua-Cyyb5UIc.js                           [39m[1m[2m    1.99 kB[22m[1m[22m
[2mdist/[22m[36massets/cameligo-Bf6VGUru.js                      [39m[1m[2m    2.05 kB[22m[1m[22m
[2mdist/[22m[36massets/graphql-BxJiqAUM.js                       [39m[1m[2m    2.12 kB[22m[1m[22m
[2mdist/[22m[36massets/objective-c-BDtDVThU.js                   [39m[1m[2m    2.26 kB[22m[1m[22m
[2mdist/[22m[36massets/lexon-OrD6JF1K.js                         [39m[1m[2m    2.30 kB[22m[1m[22m
[2mdist/[22m[36massets/AuthCallback-DooOBQgt.js                  [39m[1m[2m    2.35 kB[22m[1m[22m
[2mdist/[22m[36massets/MonacoEditor-Bqsmb1SY.js                  [39m[1m[2m    2.39 kB[22m[1m[22m
[2mdist/[22m[36massets/bicep-CFznDFnq.js                         [39m[1m[2m    2.40 kB[22m[1m[22m
[2mdist/[22m[36massets/sparql-CJmd_6j2.js                        [39m[1m[2m    2.41 kB[22m[1m[22m
[2mdist/[22m[36massets/mips-CiqrrVzr.js                          [39m[1m[2m    2.44 kB[22m[1m[22m
[2mdist/[22m[36massets/go-acbASCJo.js                            [39m[1m[2m    2.52 kB[22m[1m[22m
[2mdist/[22m[36massets/sophia-CnS9iZB_.js                        [39m[1m[2m    2.63 kB[22m[1m[22m
[2mdist/[22m[36massets/typespec-Btyra-wh.js                      [39m[1m[2m    2.66 kB[22m[1m[22m
[2mdist/[22m[36massets/m3-B8OfTtLu.js                            [39m[1m[2m    2.68 kB[22m[1m[22m
[2mdist/[22m[36massets/AdminLayout-Cdddfyob.js                   [39m[1m[2m    2.77 kB[22m[1m[22m
[2mdist/[22m[36massets/fsharp-PahG7c26.js                        [39m[1m[2m    2.85 kB[22m[1m[22m
[2mdist/[22m[36massets/pascal-vHIfCaH5.js                        [39m[1m[2m    2.86 kB[22m[1m[22m
[2mdist/[22m[36massets/shell-DiJ1NA_G.js                         [39m[1m[2m    2.94 kB[22m[1m[22m
[2mdist/[22m[36massets/r-j7ic8hl3.js                             [39m[1m[2m    2.99 kB[22m[1m[22m
[2mdist/[22m[36massets/cssMode-Dr8ysZ6k.js                       [39m[1m[2m    3.02 kB[22m[1m[22m
[2mdist/[22m[36massets/qsharp-Bw9ernYp.js                        [39m[1m[2m    3.05 kB[22m[1m[22m
[2mdist/[22m[36massets/java-CXBNlu9o.js                          [39m[1m[2m    3.08 kB[22m[1m[22m
[2mdist/[22m[36massets/powershell-COWaemsV.js                    [39m[1m[2m    3.13 kB[22m[1m[22m
[2mdist/[22m[36massets/cypher-cTPe9QuQ.js                        [39m[1m[2m    3.25 kB[22m[1m[22m
[2mdist/[22m[36massets/kotlin-s7OhZKlX.js                        [39m[1m[2m    3.26 kB[22m[1m[22m
[2mdist/[22m[36massets/redis-Bu5POkcn.js                         [39m[1m[2m    3.42 kB[22m[1m[22m
[2mdist/[22m[36massets/tcl-Dm6ycUr_.js                           [39m[1m[2m    3.43 kB[22m[1m[22m
[2mdist/[22m[36massets/arc-CYRNYJg6.js                           [39m[1m[2m    3.45 kB[22m[1m[22m
[2mdist/[22m[36massets/coffee-Bd8akH9Z.js                        [39m[1m[2m    3.45 kB[22m[1m[22m
[2mdist/[22m[36massets/hcl-DtV1sZF8.js                           [39m[1m[2m    3.45 kB[22m[1m[22m
[2mdist/[22m[36massets/htmlMode-mLynM2Qk.js                      [39m[1m[2m    3.48 kB[22m[1m[22m
[2mdist/[22m[36massets/liquid-Dk63jI7m.js                        [39m[1m[2m    3.48 kB[22m[1m[22m
[2mdist/[22m[36massets/yaml-B8SBu7mi.js                          [39m[1m[2m    3.55 kB[22m[1m[22m
[2mdist/[22m[36massets/markdown-BFxVWTOG.js                      [39m[1m[2m    3.65 kB[22m[1m[22m
[2mdist/[22m[36massets/python-9HVWGXE-.js                        [39m[1m[2m    3.73 kB[22m[1m[22m
[2mdist/[22m[36massets/restructuredtext-CqXO7rUv.js              [39m[1m[2m    3.76 kB[22m[1m[22m
[2mdist/[22m[36massets/less-9HpZscsL.js                          [39m[1m[2m    3.76 kB[22m[1m[22m
[2mdist/[22m[36massets/apex-DNDY2TF8.js                          [39m[1m[2m    3.82 kB[22m[1m[22m
[2mdist/[22m[36massets/rust-BzKRNQWT.js                          [39m[1m[2m    4.02 kB[22m[1m[22m
[2mdist/[22m[36massets/dart-BOtBlQCF.js                          [39m[1m[2m    4.11 kB[22m[1m[22m
[2mdist/[22m[36massets/mdx-BZ1AO2hz.js                           [39m[1m[2m    4.33 kB[22m[1m[22m
[2mdist/[22m[36massets/css-DdJfP1eB.js                           [39m[1m[2m    4.37 kB[22m[1m[22m
[2mdist/[22m[36massets/csharp-Co3qMtFm.js                        [39m[1m[2m    4.39 kB[22m[1m[22m
[2mdist/[22m[36massets/diagram-S2PKOQOG-CzQczOQz.js              [39m[1m[2m    4.46 kB[22m[1m[22m
[2mdist/[22m[36massets/html-D1fS45x0.js                          [39m[1m[2m    4.54 kB[22m[1m[22m
[2mdist/[22m[36massets/defaultLocale-C4B-KCzX.js                 [39m[1m[2m    4.55 kB[22m[1m[22m
[2mdist/[22m[36massets/pug-8SOpv6rk.js                           [39m[1m[2m    4.69 kB[22m[1m[22m
[2mdist/[22m[36massets/msdax-DmeGPVcC.js                         [39m[1m[2m    4.77 kB[22m[1m[22m
[2mdist/[22m[36massets/swift-CnmFD0ga.js                         [39m[1m[2m    4.77 kB[22m[1m[22m
[2mdist/[22m[36massets/Problems-Bvsd79Hg.js                      [39m[1m[2m    4.83 kB[22m[1m[22m
[2mdist/[22m[36massets/typescript-AGT59Jdk.js                    [39m[1m[2m    4.91 kB[22m[1m[22m
[2mdist/[22m[36massets/cpp-BbWJElDN.js                           [39m[1m[2m    5.16 kB[22m[1m[22m
[2mdist/[22m[36massets/ecl-BEgZUVRK.js                           [39m[1m[2m    5.20 kB[22m[1m[22m
[2mdist/[22m[36massets/Announcements-BSvfT4FA.js                 [39m[1m[2m    5.35 kB[22m[1m[22m
[2mdist/[22m[36massets/pieDiagram-ADFJNKIX-BMTB9Db0.js           [39m[1m[2m    5.39 kB[22m[1m[22m
[2mdist/[22m[36massets/Dashboard-l4H83Cxq.js                     [39m[1m[2m    5.40 kB[22m[1m[22m
[2mdist/[22m[36massets/vb-Db0cS2oM.js                            [39m[1m[2m    5.65 kB[22m[1m[22m
[2mdist/[22m[36massets/linear-BKfewzAm.js                        [39m[1m[2m    5.67 kB[22m[1m[22m
[2mdist/[22m[36massets/graph-B8TKs6IW.js                         [39m[1m[2m    5.82 kB[22m[1m[22m
[2mdist/[22m[36massets/twig-Csy3S7wG.js                          [39m[1m[2m    5.84 kB[22m[1m[22m
[2mdist/[22m[36massets/diagram-QEK2KX5R-BO5vmSSf.js              [39m[1m[2m    6.05 kB[22m[1m[22m
[2mdist/[22m[36massets/Login-CdkWirf7.js                         [39m[1m[2m    6.13 kB[22m[1m[22m
[2mdist/[22m[36massets/scss-CBJaRo0y.js                          [39m[1m[2m    6.27 kB[22m[1m[22m
[2mdist/[22m[36massets/handlebars-BJjam_Ta.js                    [39m[1m[2m    6.30 kB[22m[1m[22m
[2mdist/[22m[36massets/MainLayout-DdPBhajQ.js                    [39m[1m[2m    6.32 kB[22m[1m[22m
[2mdist/[22m[36massets/julia-cl7-CwDS.js                         [39m[1m[2m    7.01 kB[22m[1m[22m
[2mdist/[22m[36massets/scala-D9hQfWCl.js                         [39m[1m[2m    7.18 kB[22m[1m[22m
[2mdist/[22m[36massets/wgsl-DumH7NcR.js                          [39m[1m[2m    7.19 kB[22m[1m[22m
[2mdist/[22m[36massets/st-CHwy0fLd.js                            [39m[1m[2m    7.26 kB[22m[1m[22m
[2mdist/[22m[36massets/systemverilog-Bs9z6M-B.js                 [39m[1m[2m    7.47 kB[22m[1m[22m
[2mdist/[22m[36massets/postiats-CocnycG-.js                      [39m[1m[2m    7.72 kB[22m[1m[22m
[2mdist/[22m[36massets/php-BBUBE1dy.js                           [39m[1m[2m    7.89 kB[22m[1m[22m
[2mdist/[22m[36massets/perl-Ub6l9XKa.js                          [39m[1m[2m    8.12 kB[22m[1m[22m
[2mdist/[22m[36massets/razor-Bt-WTGq4.js                         [39m[1m[2m    8.30 kB[22m[1m[22m
[2mdist/[22m[36massets/ruby-zBfavPgS.js                          [39m[1m[2m    8.37 kB[22m[1m[22m
[2mdist/[22m[36massets/Home-BExdZ7Lw.js                          [39m[1m[2m    8.50 kB[22m[1m[22m
[2mdist/[22m[36massets/protobuf-Brw8urJB.js                      [39m[1m[2m    8.91 kB[22m[1m[22m
[2mdist/[22m[36massets/Users-BgTzNqPr.js                         [39m[1m[2m    9.00 kB[22m[1m[22m
[2mdist/[22m[36massets/Learn-LLgtx0l_.js                         [39m[1m[2m    9.24 kB[22m[1m[22m
[2mdist/[22m[36massets/clojure-Dnu-v4kV.js                       [39m[1m[2m    9.51 kB[22m[1m[22m
[2mdist/[22m[36massets/elixir-BkW5O-1t.js                        [39m[1m[2m   10.12 kB[22m[1m[22m
[2mdist/[22m[36massets/sql-ClhHkBeG.js                           [39m[1m[2m   10.16 kB[22m[1m[22m
[2mdist/[22m[36massets/stateDiagram-FKZM4ZOC-Cx0vzlia.js         [39m[1m[2m   10.56 kB[22m[1m[22m
[2mdist/[22m[36massets/dagre-6UL2VRFP-C1XqGw33.js                [39m[1m[2m   11.13 kB[22m[1m[22m
[2mdist/[22m[36massets/mysql-C_tMU-Nz.js                         [39m[1m[2m   11.14 kB[22m[1m[22m
[2mdist/[22m[36massets/redshift-Bs9aos_-.js                      [39m[1m[2m   11.66 kB[22m[1m[22m
[2mdist/[22m[36massets/jsonMode-CLbYQh9t.js                      [39m[1m[2m   12.40 kB[22m[1m[22m
[2mdist/[22m[36massets/index-CyB_xCPh.js                         [39m[1m[2m   12.99 kB[22m[1m[22m
[2mdist/[22m[36massets/pgsql-BlNEE0v7.js                         [39m[1m[2m   13.33 kB[22m[1m[22m
[2mdist/[22m[36massets/abap-DLDM7-KI.js                          [39m[1m[2m   14.03 kB[22m[1m[22m
[2mdist/[22m[36massets/freemarker2-CBaKJ6jp.js                   [39m[1m[2m   15.60 kB[22m[1m[22m
[2mdist/[22m[36massets/diagram-PSM6KHXK-DBkmquLs.js              [39m[1m[2m   16.02 kB[22m[1m[22m
[2mdist/[22m[36massets/powerquery-tScXyioY.js                    [39m[1m[2m   16.80 kB[22m[1m[22m
[2mdist/[22m[36massets/solidity-Db0IVjzk.js                      [39m[1m[2m   18.46 kB[22m[1m[22m
[2mdist/[22m[36massets/vendor-icons-YsKxHldG.js                  [39m[1m[2m   18.49 kB[22m[1m[22m
[2mdist/[22m[36massets/vendor-prism-DA50wpei.js                  [39m[1m[2m   19.04 kB[22m[1m[22m
[2mdist/[22m[36massets/kanban-definition-3W4ZIXB7-U_SuVLFH.js    [39m[1m[2m   20.43 kB[22m[1m[22m
[2mdist/[22m[36massets/mindmap-definition-VGOIOE7T-jq2U7fEQ.js   [39m[1m[2m   21.15 kB[22m[1m[22m
[2mdist/[22m[36massets/tsMode-BwcCVtdw.js                        [39m[1m[2m   21.97 kB[22m[1m[22m
[2mdist/[22m[36massets/ProblemDetail-DUX7AUss.js                 [39m[1m[2m   22.06 kB[22m[1m[22m
[2mdist/[22m[36massets/sankeyDiagram-TZEHDZUN-NNjSFB1m.js        [39m[1m[2m   22.35 kB[22m[1m[22m
[2mdist/[22m[36massets/Playground-BdAmnebU.js                    [39m[1m[2m   22.69 kB[22m[1m[22m
[2mdist/[22m[36massets/journeyDiagram-XKPGCS4Q-BrpHw0VA.js       [39m[1m[2m   23.78 kB[22m[1m[22m
[2mdist/[22m[36massets/timeline-definition-IT6M3QCI-Bsx4BOY5.js  [39m[1m[2m   23.82 kB[22m[1m[22m
[2mdist/[22m[36massets/gitGraphDiagram-NY62KEGX-DDVtTK91.js      [39m[1m[2m   24.28 kB[22m[1m[22m
[2mdist/[22m[36massets/layout-5Fmyxw6v.js                        [39m[1m[2m   25.21 kB[22m[1m[22m
[2mdist/[22m[36massets/erDiagram-Q2GNP2WA-BgJLFVZU.js            [39m[1m[2m   25.48 kB[22m[1m[22m
[2mdist/[22m[36massets/lspLanguageFeatures-6DNGjcUi.js           [39m[1m[2m   28.69 kB[22m[1m[22m
[2mdist/[22m[36massets/requirementDiagram-UZGBJVZJ-BedR8Yd6.js   [39m[1m[2m   30.32 kB[22m[1m[22m
[2mdist/[22m[36massets/quadrantDiagram-AYHSOK5B-D8214ffq.js      [39m[1m[2m   34.08 kB[22m[1m[22m
[2mdist/[22m[36massets/chunk-DI55MBZ5-Dq3cgrVB.js                [39m[1m[2m   36.34 kB[22m[1m[22m
[2mdist/[22m[36massets/xychartDiagram-PRI3JC2R-CdhgQiXw.js       [39m[1m[2m   40.45 kB[22m[1m[22m
[2mdist/[22m[36massets/chunk-B4BG7PRW-BX-woCem.js                [39m[1m[2m   45.32 kB[22m[1m[22m
[2mdist/[22m[36massets/flowDiagram-NV44I4VS-COqRCpfI.js          [39m[1m[2m   60.69 kB[22m[1m[22m
[2mdist/[22m[36massets/ganttDiagram-LVOFAZNH-CgGCLJYN.js         [39m[1m[2m   63.01 kB[22m[1m[22m
[2mdist/[22m[36massets/c4Diagram-YG6GDRKO-Bh5aVJwZ.js            [39m[1m[2m   70.37 kB[22m[1m[22m
[2mdist/[22m[36massets/blockDiagram-VD42YOAC-DeJeoV2W.js         [39m[1m[2m   71.98 kB[22m[1m[22m
[2mdist/[22m[36massets/cose-bilkent-S5V4N54A-dsX2dqtX.js         [39m[1m[2m   81.94 kB[22m[1m[22m
[2mdist/[22m[36massets/sequenceDiagram-WL72ISMW-99uWJdvK.js      [39m[1m[2m   98.04 kB[22m[1m[22m
[2mdist/[22m[36massets/vendor-vue-B7DNZQwZ.js                    [39m[1m[2m  107.61 kB[22m[1m[22m
[2mdist/[22m[36massets/vendor-markdown-HlADSkmp.js               [39m[1m[2m  132.76 kB[22m[1m[22m
[2mdist/[22m[36massets/architectureDiagram-VXUJARFQ-BrRwLAnW.js  [39m[1m[2m  148.84 kB[22m[1m[22m
[2mdist/[22m[36massets/katex-qrhCpa0F.js                         [39m[1m[2m  265.37 kB[22m[1m[22m
[2mdist/[22m[36massets/vendor-naive-BFbnLFsf.js                  [39m[1m[2m  294.55 kB[22m[1m[22m
[2mdist/[22m[36massets/treemap-KMMF4GRG-_Szau_Y3.js              [39m[1m[2m  327.36 kB[22m[1m[22m
[2mdist/[22m[36massets/cytoscape.esm-BnkdMOzK.js                 [39m[1m[2m  441.74 kB[22m[1m[22m
[2mdist/[22m[36massets/MarkdownComponent-D-dLFme3.js             [39m[1m[33m  507.92 kB[39m[22m
[2mdist/[22m[36massets/vendor-monaco-DXOFMLCT.js                 [39m[1m[33m3,728.87 kB[39m[22m
[33m
(!) Some chunks are larger than 500 kB after minification. Consider:
- Using dynamic import() to code-split the application
- Use build.rollupOptions.output.manualChunks to improve chunking: https://rollupjs.org/configuration-options/#output-m
anualchunks
- Adjust chunk size limit for this warning via build.chunkSizeWarningLimit.[39m
[32m鉁?built in 52.13s[39m
